Hmm ... looks like a package

This is pdfTeX, Version 3.1415926-2.5-1.40.14 (TeX Live 2013/Debian)
 restricted \write18 enabled.
entering extended mode
LaTeX2e <2011/06/27>
Babel <3.9h> and hyphenation patterns for 78 languages loaded.
(./Rd2.tex
(/usr/share/texlive/texmf-dist/tex/latex/base/book.cls
Document Class: book 2007/10/19 v1.4h Standard LaTeX document class
(/usr/share/texlive/texmf-dist/tex/latex/base/bk10.clo))
(/usr/share/R/share/texmf/tex/latex/Rd.sty
(/usr/share/texlive/texmf-dist/tex/latex/base/ifthen.sty)
(/usr/share/texlive/texmf-dist/tex/latex/tools/longtable.sty)
(/usr/share/texlive/texmf-dist/tex/latex/tools/bm.sty)
(/usr/share/texlive/texmf-dist/tex/latex/base/alltt.sty)
(/usr/share/texlive/texmf-dist/tex/latex/tools/verbatim.sty)
(/usr/share/texlive/texmf-dist/tex/latex/url/url.sty)
(/usr/share/texlive/texmf-dist/tex/latex/base/textcomp.sty
(/usr/share/texlive/texmf-dist/tex/latex/base/ts1enc.def))
(/usr/share/texlive/texmf-dist/tex/latex/base/fontenc.sty
(/usr/share/texlive/texmf-dist/tex/latex/base/t1enc.def))
(/usr/share/texlive/texmf-dist/tex/latex/psnfss/times.sty)
(/usr/share/texlive/texmf-dist/tex/latex/inconsolata/inconsolata.sty
(/usr/share/texlive/texmf-dist/tex/latex/graphics/keyval.sty))
(/usr/share/texlive/texmf-dist/tex/latex/graphics/color.sty
(/usr/share/texlive/texmf-dist/tex/latex/latexconfig/color.cfg)
(/usr/share/texlive/texmf-dist/tex/latex/pdftex-def/pdftex.def
(/usr/share/texlive/texmf-dist/tex/generic/oberdiek/infwarerr.sty)
(/usr/share/texlive/texmf-dist/tex/generic/oberdiek/ltxcmds.sty)))
(/usr/share/texlive/texmf-dist/tex/latex/hyperref/hyperref.sty
(/usr/share/texlive/texmf-dist/tex/generic/oberdiek/hobsub-hyperref.sty
(/usr/share/texlive/texmf-dist/tex/generic/oberdiek/hobsub-generic.sty))
(/usr/share/texlive/texmf-dist/tex/generic/ifxetex/ifxetex.sty)
(/usr/share/texlive/texmf-dist/tex/latex/oberdiek/auxhook.sty)
(/usr/share/texlive/texmf-dist/tex/latex/oberdiek/kvoptions.sty)
(/usr/share/texlive/texmf-dist/tex/latex/hyperref/pd1enc.def)
(/usr/share/texlive/texmf-dist/tex/latex/latexconfig/hyperref.cfg))

Package hyperref Message: Driver (autodetected): hpdftex.

(/usr/share/texlive/texmf-dist/tex/latex/hyperref/hpdftex.def
(/usr/share/texlive/texmf-dist/tex/latex/oberdiek/rerunfilecheck.sty))

Package hyperref Warning: Option `hyperindex' has already been used,
(hyperref)                setting the option has no effect on input line 361.


Package hyperref Warning: Option `pagebackref' has already been used,
(hyperref)                setting the option has no effect on input line 361.

) (/usr/share/texlive/texmf-dist/tex/latex/base/makeidx.sty)
(/usr/share/texlive/texmf-dist/tex/latex/base/inputenc.sty
(/usr/share/texlive/texmf-dist/tex/latex/base/utf8.def
(/usr/share/texlive/texmf-dist/tex/latex/base/t1enc.dfu)
(/usr/share/texlive/texmf-dist/tex/latex/base/ot1enc.dfu)
(/usr/share/texlive/texmf-dist/tex/latex/base/omsenc.dfu)
(/usr/share/texlive/texmf-dist/tex/latex/base/ts1enc.dfu))
(/usr/share/texlive/texmf-dist/tex/latex/base/latin1.def))
Writing index file Rd2.idx
No file Rd2.aux.
(/usr/share/texlive/texmf-dist/tex/latex/base/ts1cmr.fd)
(/usr/share/texlive/texmf-dist/tex/latex/psnfss/t1ptm.fd)
(/usr/share/texlive/texmf-dist/tex/latex/upquote/upquote.sty)
(/usr/share/texlive/texmf-dist/tex/context/base/supp-pdf.mkii
[Loading MPS to PDF converter (version 2006.09.02).]
) (/usr/share/texlive/texmf-dist/tex/latex/hyperref/nameref.sty
(/usr/share/texlive/texmf-dist/tex/generic/oberdiek/gettitlestring.sty))
(/usr/share/texlive/texmf-dist/tex/latex/inconsolata/t1zi4.fd)
(/usr/share/texlive/texmf-dist/tex/latex/psnfss/t1phv.fd)
(/usr/share/texlive/texmf-dist/tex/latex/base/utf8.def) [1{/var/lib/texmf/fonts
/map/pdftex/updmap/pdftex.map}]
(/usr/share/texlive/texmf-dist/tex/latex/base/utf8.def) [2]
Overfull \hbox (15.74736pt too wide) in paragraph at lines 98--99
\T1/ptm/m/n/10 down-loaded from HYS-PLIT, so that, they have the fol-low-ing na
me struc-ture: "RP<Year><Month>.gbl".

Overfull \hbox (10.70807pt too wide) in paragraph at lines 98--99
\T1/ptm/m/n/10 For ex-am-ple, for Year = 2007 and Month = 06, the me-te-o-ro-lo
g-i-cal file name would be: "RP200706.gbl" 
(/usr/share/texlive/texmf-dist/tex/latex/base/utf8.def) [3]
Overfull \hbox (207.84474pt too wide) in paragraph at lines 146--147
[]\T1/ptm/m/n/10 For more in-for-ma-tion re-gard-ing HYS-PLIT tra-jec-tory's en
d-point data, please re-fer to http://www.arl.noaa.gov/documents/reports/hyspli
t_user_guide.pdf. 
(/usr/share/texlive/texmf-dist/tex/latex/base/utf8.def) [4]
(/usr/share/texlive/texmf-dist/tex/latex/base/utf8.def)
Overfull \hbox (14.87845pt too wide) in paragraph at lines 212--213
[]\T1/ptm/m/n/10 This func-tion con-verts an ob-ject of class [][]\T1/zi4/m/n/1
0 SpatialLines-class[][][]\T1/ptm/m/n/10 , cal-cu-lated by the func-tion [][]\T
1/zi4/m/n/10 Df2SpLines[][][]\T1/ptm/m/n/10 ,
[5] (/usr/share/texlive/texmf-dist/tex/latex/base/utf8.def)
Overfull \hbox (207.84474pt too wide) in paragraph at lines 303--305
[]\T1/ptm/m/n/10 For more in-for-ma-tion re-gard-ing HYS-PLIT tra-jec-tory's en
d-point data, please re-fer to http://www.arl.noaa.gov/documents/reports/hyspli
t_user_guide.pdf. 
[6] (/usr/share/texlive/texmf-dist/tex/latex/base/utf8.def)
(/usr/share/texlive/texmf-dist/tex/latex/base/utf8.def)
Overfull \hbox (0.41846pt too wide) in paragraph at lines 342--345
[]\T1/ptm/m/n/10 This ob-ject is an out-put ex-am-ple from the func-tion [][]\T
1/zi4/m/n/10 Df2SpLinesDf[][][] \T1/ptm/m/n/10 us-ing the ob-ject [][]\T1/zi4/m
/n/10 hytraj07.lines[][][]
(/usr/share/texlive/texmf-dist/tex/latex/base/utf8.def) [7]
(/usr/share/texlive/texmf-dist/tex/latex/base/utf8.def) [8]
(/usr/share/texlive/texmf-dist/tex/latex/base/utf8.def)
Overfull \hbox (8.63702pt too wide) in paragraph at lines 441--443
[]\T1/ptm/m/n/10 SpatialLines or Spa-tialLi-nes-DataFrame ob-ject cal-cu-lated 
by func-tions Df2SpLines
(/usr/share/texlive/texmf-dist/tex/latex/base/utf8.def) [9]
(/usr/share/texlive/texmf-dist/tex/latex/base/utf8.def)
Overfull \hbox (29.92769pt too wide) in paragraph at lines 515--517
[]\T1/ptm/m/n/10 This func-tion is de-signed to dis-play a tra-jec-tory fre-que
ncy map that was out-put by func-tion [][]\T1/zi4/m/n/10 RasterizeTraj[][][]\T1
/ptm/m/n/10 . 
[10]
Overfull \hbox (21.48093pt too wide) in paragraph at lines 578--578
 []  \T1/zi4/m/n/9 raster.lines <- RasterizeTraj(air.traj.lines, reduce=TRUE, r
esolution=15000, parallel=FALSE)[] 
(/usr/share/texlive/texmf-dist/tex/latex/base/utf8.def) [11]
Overfull \hbox (103.80595pt too wide) in paragraph at lines 636--639
\T1/ptm/m/n/10 ing to me-te-o-ro-log-i-cal files can be found in http://www.met
eozone.com/home/tutorial/html/meteo_ftp.html. 
[12] [13] (/usr/share/texlive/texmf-dist/tex/latex/inconsolata/ts1zi4.fd)
Underfull \vbox (badness 10000) has occurred while \output is active [14]
(/usr/share/texlive/texmf-dist/tex/latex/base/utf8.def)
Overfull \hbox (17.88092pt too wide) in paragraph at lines 846--846
 [] \T1/zi4/m/n/9 raster.lines <- RasterizeTraj(air.traj.lines, reduce=TRUE, re
solution=10000, parallel=FALSE)[] 
[15] (/usr/share/texlive/texmf-dist/tex/latex/base/utf8.def)
Underfull \hbox (badness 10000) in paragraph at lines 886--905


Underfull \hbox (badness 10000) in paragraph at lines 886--905

[16] (/usr/share/texlive/texmf-dist/tex/latex/base/utf8.def)
Overfull \hbox (25.55728pt too wide) in paragraph at lines 946--949
[]\T1/ptm/m/n/10 Although this func-tion might be used seper-ately, the Split-S
pLines func-tion is called by the [][]\T1/zi4/m/n/10 RasterizeTraj[][][]
[17] (/usr/share/texlive/texmf-dist/tex/latex/base/utf8.def)
No file Rd2.ind.
[18] (./Rd2.aux)

Package rerunfilecheck Warning: File `Rd2.out' has changed.
(rerunfilecheck)                Rerun to get outlines right
(rerunfilecheck)                or use package `bookmark'.

 )
(see the transcript file for additional information)pdfTeX warning (dest): name
{Rfn.raster} has been referenced but does not exist, replaced by a fixed one

pdfTeX warning (dest): name{Rfn.SpatialLines.Rdash.class} has been referenced b
ut does not exist, replaced by a fixed one

pdfTeX warning (dest): name{Rfn.data.frame} has been referenced but does not ex
ist, replaced by a fixed one

{/usr/share/texlive/texmf-dist/fonts/enc/dvips/inconsolata/i4-ts1.enc}{/usr/sha
re/texlive/texmf-dist/fonts/enc/dvips/base/8r.enc}{/usr/share/texlive/texmf-dis
t/fonts/enc/dvips/inconsolata/i4-t1-0.enc}</usr/share/texlive/texmf-dist/fonts/
type1/public/inconsolata/Inconsolata-zi4r.pfb></usr/share/texlive/texmf-dist/fo
nts/type1/urw/helvetic/uhvr8a.pfb></usr/share/texlive/texmf-dist/fonts/type1/ur
w/times/utmb8a.pfb></usr/share/texlive/texmf-dist/fonts/type1/urw/times/utmr8a.
pfb></usr/share/texlive/texmf-dist/fonts/type1/urw/times/utmr8a.pfb></usr/share
/texlive/texmf-dist/fonts/type1/urw/times/utmri8a.pfb>
Output written on Rd2.pdf (18 pages, 109038 bytes).
Transcript written on Rd2.log.
This is makeindex, version 2.15 [TeX Live 2013] (kpathsea + Thai support).
Scanning input file Rd2.idx....done (99 entries accepted, 9 rejected).
Sorting entries....done (680 comparisons).
Generating output file Rd2.ind....done (110 lines written, 1 warning).
Output written in Rd2.ind.
Transcript written in Rd2.ilg.
This is pdfTeX, Version 3.1415926-2.5-1.40.14 (TeX Live 2013/Debian)
 restricted \write18 enabled.
entering extended mode
LaTeX2e <2011/06/27>
Babel <3.9h> and hyphenation patterns for 78 languages loaded.
(./Rd2.tex
(/usr/share/texlive/texmf-dist/tex/latex/base/book.cls
Document Class: book 2007/10/19 v1.4h Standard LaTeX document class
(/usr/share/texlive/texmf-dist/tex/latex/base/bk10.clo))
(/usr/share/R/share/texmf/tex/latex/Rd.sty
(/usr/share/texlive/texmf-dist/tex/latex/base/ifthen.sty)
(/usr/share/texlive/texmf-dist/tex/latex/tools/longtable.sty)
(/usr/share/texlive/texmf-dist/tex/latex/tools/bm.sty)
(/usr/share/texlive/texmf-dist/tex/latex/base/alltt.sty)
(/usr/share/texlive/texmf-dist/tex/latex/tools/verbatim.sty)
(/usr/share/texlive/texmf-dist/tex/latex/url/url.sty)
(/usr/share/texlive/texmf-dist/tex/latex/base/textcomp.sty
(/usr/share/texlive/texmf-dist/tex/latex/base/ts1enc.def))
(/usr/share/texlive/texmf-dist/tex/latex/base/fontenc.sty
(/usr/share/texlive/texmf-dist/tex/latex/base/t1enc.def))
(/usr/share/texlive/texmf-dist/tex/latex/psnfss/times.sty)
(/usr/share/texlive/texmf-dist/tex/latex/inconsolata/inconsolata.sty
(/usr/share/texlive/texmf-dist/tex/latex/graphics/keyval.sty))
(/usr/share/texlive/texmf-dist/tex/latex/graphics/color.sty
(/usr/share/texlive/texmf-dist/tex/latex/latexconfig/color.cfg)
(/usr/share/texlive/texmf-dist/tex/latex/pdftex-def/pdftex.def
(/usr/share/texlive/texmf-dist/tex/generic/oberdiek/infwarerr.sty)
(/usr/share/texlive/texmf-dist/tex/generic/oberdiek/ltxcmds.sty)))
(/usr/share/texlive/texmf-dist/tex/latex/hyperref/hyperref.sty
(/usr/share/texlive/texmf-dist/tex/generic/oberdiek/hobsub-hyperref.sty
(/usr/share/texlive/texmf-dist/tex/generic/oberdiek/hobsub-generic.sty))
(/usr/share/texlive/texmf-dist/tex/generic/ifxetex/ifxetex.sty)
(/usr/share/texlive/texmf-dist/tex/latex/oberdiek/auxhook.sty)
(/usr/share/texlive/texmf-dist/tex/latex/oberdiek/kvoptions.sty)
(/usr/share/texlive/texmf-dist/tex/latex/hyperref/pd1enc.def)
(/usr/share/texlive/texmf-dist/tex/latex/latexconfig/hyperref.cfg))

Package hyperref Message: Driver (autodetected): hpdftex.

(/usr/share/texlive/texmf-dist/tex/latex/hyperref/hpdftex.def
(/usr/share/texlive/texmf-dist/tex/latex/oberdiek/rerunfilecheck.sty))

Package hyperref Warning: Option `hyperindex' has already been used,
(hyperref)                setting the option has no effect on input line 361.


Package hyperref Warning: Option `pagebackref' has already been used,
(hyperref)                setting the option has no effect on input line 361.

) (/usr/share/texlive/texmf-dist/tex/latex/base/makeidx.sty)
(/usr/share/texlive/texmf-dist/tex/latex/base/inputenc.sty
(/usr/share/texlive/texmf-dist/tex/latex/base/utf8.def
(/usr/share/texlive/texmf-dist/tex/latex/base/t1enc.dfu)
(/usr/share/texlive/texmf-dist/tex/latex/base/ot1enc.dfu)
(/usr/share/texlive/texmf-dist/tex/latex/base/omsenc.dfu)
(/usr/share/texlive/texmf-dist/tex/latex/base/ts1enc.dfu))
(/usr/share/texlive/texmf-dist/tex/latex/base/latin1.def))
Writing index file Rd2.idx
(./Rd2.aux) (/usr/share/texlive/texmf-dist/tex/latex/base/ts1cmr.fd)
(/usr/share/texlive/texmf-dist/tex/latex/psnfss/t1ptm.fd)
(/usr/share/texlive/texmf-dist/tex/latex/upquote/upquote.sty)
(/usr/share/texlive/texmf-dist/tex/context/base/supp-pdf.mkii
[Loading MPS to PDF converter (version 2006.09.02).]
) (/usr/share/texlive/texmf-dist/tex/latex/hyperref/nameref.sty
(/usr/share/texlive/texmf-dist/tex/generic/oberdiek/gettitlestring.sty))
(./Rd2.out) (./Rd2.out)
(/usr/share/texlive/texmf-dist/tex/latex/inconsolata/t1zi4.fd)
(/usr/share/texlive/texmf-dist/tex/latex/psnfss/t1phv.fd) (./Rd2.toc [1{/var/li
b/texmf/fonts/map/pdftex/updmap/pdftex.map}])
(/usr/share/texlive/texmf-dist/tex/latex/base/utf8.def)
(/usr/share/texlive/texmf-dist/tex/latex/base/utf8.def) [2]
Overfull \hbox (15.74736pt too wide) in paragraph at lines 98--99
\T1/ptm/m/n/10 down-loaded from HYS-PLIT, so that, they have the fol-low-ing na
me struc-ture: "RP<Year><Month>.gbl".

Overfull \hbox (10.70807pt too wide) in paragraph at lines 98--99
\T1/ptm/m/n/10 For ex-am-ple, for Year = 2007 and Month = 06, the me-te-o-ro-lo
g-i-cal file name would be: "RP200706.gbl" 
(/usr/share/texlive/texmf-dist/tex/latex/base/utf8.def) [3]
Overfull \hbox (207.84474pt too wide) in paragraph at lines 146--147
[]\T1/ptm/m/n/10 For more in-for-ma-tion re-gard-ing HYS-PLIT tra-jec-tory's en
d-point data, please re-fer to http://www.arl.noaa.gov/documents/reports/hyspli
t_user_guide.pdf. 
(/usr/share/texlive/texmf-dist/tex/latex/base/utf8.def) [4]
(/usr/share/texlive/texmf-dist/tex/latex/base/utf8.def) [5]
Overfull \hbox (14.87845pt too wide) in paragraph at lines 212--213
[]\T1/ptm/m/n/10 This func-tion con-verts an ob-ject of class [][]\T1/zi4/m/n/1
0 SpatialLines-class[][][]\T1/ptm/m/n/10 , cal-cu-lated by the func-tion [][]\T
1/zi4/m/n/10 Df2SpLines[][][]\T1/ptm/m/n/10 ,
(/usr/share/texlive/texmf-dist/tex/latex/base/utf8.def) [6]
Overfull \hbox (207.84474pt too wide) in paragraph at lines 303--305
[]\T1/ptm/m/n/10 For more in-for-ma-tion re-gard-ing HYS-PLIT tra-jec-tory's en
d-point data, please re-fer to http://www.arl.noaa.gov/documents/reports/hyspli
t_user_guide.pdf. 
(/usr/share/texlive/texmf-dist/tex/latex/base/utf8.def) [7]
(/usr/share/texlive/texmf-dist/tex/latex/base/utf8.def)
Overfull \hbox (0.41846pt too wide) in paragraph at lines 342--345
[]\T1/ptm/m/n/10 This ob-ject is an out-put ex-am-ple from the func-tion [][]\T
1/zi4/m/n/10 Df2SpLinesDf[][][] \T1/ptm/m/n/10 us-ing the ob-ject [][]\T1/zi4/m
/n/10 hytraj07.lines[][][]
(/usr/share/texlive/texmf-dist/tex/latex/base/utf8.def) [8]
(/usr/share/texlive/texmf-dist/tex/latex/base/utf8.def) [9]
(/usr/share/texlive/texmf-dist/tex/latex/base/utf8.def)
Overfull \hbox (8.63702pt too wide) in paragraph at lines 441--443
[]\T1/ptm/m/n/10 SpatialLines or Spa-tialLi-nes-DataFrame ob-ject cal-cu-lated 
by func-tions Df2SpLines
(/usr/share/texlive/texmf-dist/tex/latex/base/utf8.def) [10]
(/usr/share/texlive/texmf-dist/tex/latex/base/utf8.def)
Overfull \hbox (29.92769pt too wide) in paragraph at lines 515--517
[]\T1/ptm/m/n/10 This func-tion is de-signed to dis-play a tra-jec-tory fre-que
ncy map that was out-put by func-tion [][]\T1/zi4/m/n/10 RasterizeTraj[][][]\T1
/ptm/m/n/10 . 
[11]
Overfull \hbox (21.48093pt too wide) in paragraph at lines 578--578
 []  \T1/zi4/m/n/9 raster.lines <- RasterizeTraj(air.traj.lines, reduce=TRUE, r
esolution=15000, parallel=FALSE)[] 
(/usr/share/texlive/texmf-dist/tex/latex/base/utf8.def) [12]
Overfull \hbox (103.80595pt too wide) in paragraph at lines 636--639
\T1/ptm/m/n/10 ing to me-te-o-ro-log-i-cal files can be found in http://www.met
eozone.com/home/tutorial/html/meteo_ftp.html. 
[13] [14] (/usr/share/texlive/texmf-dist/tex/latex/inconsolata/ts1zi4.fd)
Underfull \vbox (badness 10000) has occurred while \output is active [15]
(/usr/share/texlive/texmf-dist/tex/latex/base/utf8.def)
Overfull \hbox (17.88092pt too wide) in paragraph at lines 846--846
 [] \T1/zi4/m/n/9 raster.lines <- RasterizeTraj(air.traj.lines, reduce=TRUE, re
solution=10000, parallel=FALSE)[] 
[16] (/usr/share/texlive/texmf-dist/tex/latex/base/utf8.def)
Underfull \hbox (badness 10000) in paragraph at lines 886--905


Underfull \hbox (badness 10000) in paragraph at lines 886--905

[17] (/usr/share/texlive/texmf-dist/tex/latex/base/utf8.def)
Overfull \hbox (25.55728pt too wide) in paragraph at lines 946--949
[]\T1/ptm/m/n/10 Although this func-tion might be used seper-ately, the Split-S
pLines func-tion is called by the [][]\T1/zi4/m/n/10 RasterizeTraj[][][]
[18] (/usr/share/texlive/texmf-dist/tex/latex/base/utf8.def) (./Rd2.ind
[19]

LaTeX Font Warning: Font shape `T1/zi4/m/it' undefined
(Font)              using `T1/zi4/m/n' instead on input line 73.

[20]) (./Rd2.aux)

Package rerunfilecheck Warning: File `Rd2.out' has changed.
(rerunfilecheck)                Rerun to get outlines right
(rerunfilecheck)                or use package `bookmark'.


LaTeX Font Warning: Some font shapes were not available, defaults substituted.

 )
(see the transcript file for additional information)pdfTeX warning (dest): name
{Rfn.raster} has been referenced but does not exist, replaced by a fixed one

pdfTeX warning (dest): name{Rfn.SpatialLines.Rdash.class} has been referenced b
ut does not exist, replaced by a fixed one

pdfTeX warning (dest): name{Rfn.data.frame} has been referenced but does not ex
ist, replaced by a fixed one

{/usr/share/texlive/texmf-dist/fonts/enc/dvips/inconsolata/i4-ts1.enc}{/usr/sha
re/texlive/texmf-dist/fonts/enc/dvips/base/8r.enc}{/usr/share/texlive/texmf-dis
t/fonts/enc/dvips/inconsolata/i4-t1-0.enc}</usr/share/texlive/texmf-dist/fonts/
type1/public/inconsolata/Inconsolata-zi4r.pfb></usr/share/texlive/texmf-dist/fo
nts/type1/public/amsfonts/cm/cmsy10.pfb></usr/share/texlive/texmf-dist/fonts/ty
pe1/urw/helvetic/uhvr8a.pfb></usr/share/texlive/texmf-dist/fonts/type1/urw/time
s/utmb8a.pfb></usr/share/texlive/texmf-dist/fonts/type1/urw/times/utmr8a.pfb></
usr/share/texlive/texmf-dist/fonts/type1/urw/times/utmr8a.pfb></usr/share/texli
ve/texmf-dist/fonts/type1/urw/times/utmri8a.pfb>
Output written on Rd2.pdf (20 pages, 124663 bytes).
Transcript written on Rd2.log.
This is makeindex, version 2.15 [TeX Live 2013] (kpathsea + Thai support).
Scanning input file Rd2.idx....done (99 entries accepted, 9 rejected).
Sorting entries....done (676 comparisons).
Generating output file Rd2.ind....done (112 lines written, 1 warning).
Output written in Rd2.ind.
Transcript written in Rd2.ilg.
This is pdfTeX, Version 3.1415926-2.5-1.40.14 (TeX Live 2013/Debian)
 restricted \write18 enabled.
entering extended mode
LaTeX2e <2011/06/27>
Babel <3.9h> and hyphenation patterns for 78 languages loaded.
(./Rd2.tex
(/usr/share/texlive/texmf-dist/tex/latex/base/book.cls
Document Class: book 2007/10/19 v1.4h Standard LaTeX document class
(/usr/share/texlive/texmf-dist/tex/latex/base/bk10.clo))
(/usr/share/R/share/texmf/tex/latex/Rd.sty
(/usr/share/texlive/texmf-dist/tex/latex/base/ifthen.sty)
(/usr/share/texlive/texmf-dist/tex/latex/tools/longtable.sty)
(/usr/share/texlive/texmf-dist/tex/latex/tools/bm.sty)
(/usr/share/texlive/texmf-dist/tex/latex/base/alltt.sty)
(/usr/share/texlive/texmf-dist/tex/latex/tools/verbatim.sty)
(/usr/share/texlive/texmf-dist/tex/latex/url/url.sty)
(/usr/share/texlive/texmf-dist/tex/latex/base/textcomp.sty
(/usr/share/texlive/texmf-dist/tex/latex/base/ts1enc.def))
(/usr/share/texlive/texmf-dist/tex/latex/base/fontenc.sty
(/usr/share/texlive/texmf-dist/tex/latex/base/t1enc.def))
(/usr/share/texlive/texmf-dist/tex/latex/psnfss/times.sty)
(/usr/share/texlive/texmf-dist/tex/latex/inconsolata/inconsolata.sty
(/usr/share/texlive/texmf-dist/tex/latex/graphics/keyval.sty))
(/usr/share/texlive/texmf-dist/tex/latex/graphics/color.sty
(/usr/share/texlive/texmf-dist/tex/latex/latexconfig/color.cfg)
(/usr/share/texlive/texmf-dist/tex/latex/pdftex-def/pdftex.def
(/usr/share/texlive/texmf-dist/tex/generic/oberdiek/infwarerr.sty)
(/usr/share/texlive/texmf-dist/tex/generic/oberdiek/ltxcmds.sty)))
(/usr/share/texlive/texmf-dist/tex/latex/hyperref/hyperref.sty
(/usr/share/texlive/texmf-dist/tex/generic/oberdiek/hobsub-hyperref.sty
(/usr/share/texlive/texmf-dist/tex/generic/oberdiek/hobsub-generic.sty))
(/usr/share/texlive/texmf-dist/tex/generic/ifxetex/ifxetex.sty)
(/usr/share/texlive/texmf-dist/tex/latex/oberdiek/auxhook.sty)
(/usr/share/texlive/texmf-dist/tex/latex/oberdiek/kvoptions.sty)
(/usr/share/texlive/texmf-dist/tex/latex/hyperref/pd1enc.def)
(/usr/share/texlive/texmf-dist/tex/latex/latexconfig/hyperref.cfg))

Package hyperref Message: Driver (autodetected): hpdftex.

(/usr/share/texlive/texmf-dist/tex/latex/hyperref/hpdftex.def
(/usr/share/texlive/texmf-dist/tex/latex/oberdiek/rerunfilecheck.sty))

Package hyperref Warning: Option `hyperindex' has already been used,
(hyperref)                setting the option has no effect on input line 361.


Package hyperref Warning: Option `pagebackref' has already been used,
(hyperref)                setting the option has no effect on input line 361.

) (/usr/share/texlive/texmf-dist/tex/latex/base/makeidx.sty)
(/usr/share/texlive/texmf-dist/tex/latex/base/inputenc.sty
(/usr/share/texlive/texmf-dist/tex/latex/base/utf8.def
(/usr/share/texlive/texmf-dist/tex/latex/base/t1enc.dfu)
(/usr/share/texlive/texmf-dist/tex/latex/base/ot1enc.dfu)
(/usr/share/texlive/texmf-dist/tex/latex/base/omsenc.dfu)
(/usr/share/texlive/texmf-dist/tex/latex/base/ts1enc.dfu))
(/usr/share/texlive/texmf-dist/tex/latex/base/latin1.def))
Writing index file Rd2.idx
(./Rd2.aux) (/usr/share/texlive/texmf-dist/tex/latex/base/ts1cmr.fd)
(/usr/share/texlive/texmf-dist/tex/latex/psnfss/t1ptm.fd)
(/usr/share/texlive/texmf-dist/tex/latex/upquote/upquote.sty)
(/usr/share/texlive/texmf-dist/tex/context/base/supp-pdf.mkii
[Loading MPS to PDF converter (version 2006.09.02).]
) (/usr/share/texlive/texmf-dist/tex/latex/hyperref/nameref.sty
(/usr/share/texlive/texmf-dist/tex/generic/oberdiek/gettitlestring.sty))
(./Rd2.out) (./Rd2.out)
(/usr/share/texlive/texmf-dist/tex/latex/inconsolata/t1zi4.fd)
(/usr/share/texlive/texmf-dist/tex/latex/psnfss/t1phv.fd) (./Rd2.toc [1{/var/li
b/texmf/fonts/map/pdftex/updmap/pdftex.map}])
(/usr/share/texlive/texmf-dist/tex/latex/base/utf8.def)
(/usr/share/texlive/texmf-dist/tex/latex/base/utf8.def) [2]
Overfull \hbox (15.74736pt too wide) in paragraph at lines 98--99
\T1/ptm/m/n/10 down-loaded from HYS-PLIT, so that, they have the fol-low-ing na
me struc-ture: "RP<Year><Month>.gbl".

Overfull \hbox (10.70807pt too wide) in paragraph at lines 98--99
\T1/ptm/m/n/10 For ex-am-ple, for Year = 2007 and Month = 06, the me-te-o-ro-lo
g-i-cal file name would be: "RP200706.gbl" 
(/usr/share/texlive/texmf-dist/tex/latex/base/utf8.def) [3]
Overfull \hbox (207.84474pt too wide) in paragraph at lines 146--147
[]\T1/ptm/m/n/10 For more in-for-ma-tion re-gard-ing HYS-PLIT tra-jec-tory's en
d-point data, please re-fer to http://www.arl.noaa.gov/documents/reports/hyspli
t_user_guide.pdf. 
(/usr/share/texlive/texmf-dist/tex/latex/base/utf8.def) [4]
(/usr/share/texlive/texmf-dist/tex/latex/base/utf8.def) [5]
Overfull \hbox (14.87845pt too wide) in paragraph at lines 212--213
[]\T1/ptm/m/n/10 This func-tion con-verts an ob-ject of class [][]\T1/zi4/m/n/1
0 SpatialLines-class[][][]\T1/ptm/m/n/10 , cal-cu-lated by the func-tion [][]\T
1/zi4/m/n/10 Df2SpLines[][][]\T1/ptm/m/n/10 ,
(/usr/share/texlive/texmf-dist/tex/latex/base/utf8.def) [6]
Overfull \hbox (207.84474pt too wide) in paragraph at lines 303--305
[]\T1/ptm/m/n/10 For more in-for-ma-tion re-gard-ing HYS-PLIT tra-jec-tory's en
d-point data, please re-fer to http://www.arl.noaa.gov/documents/reports/hyspli
t_user_guide.pdf. 
(/usr/share/texlive/texmf-dist/tex/latex/base/utf8.def) [7]
(/usr/share/texlive/texmf-dist/tex/latex/base/utf8.def)
Overfull \hbox (0.41846pt too wide) in paragraph at lines 342--345
[]\T1/ptm/m/n/10 This ob-ject is an out-put ex-am-ple from the func-tion [][]\T
1/zi4/m/n/10 Df2SpLinesDf[][][] \T1/ptm/m/n/10 us-ing the ob-ject [][]\T1/zi4/m
/n/10 hytraj07.lines[][][]
(/usr/share/texlive/texmf-dist/tex/latex/base/utf8.def) [8]
(/usr/share/texlive/texmf-dist/tex/latex/base/utf8.def) [9]
(/usr/share/texlive/texmf-dist/tex/latex/base/utf8.def)
Overfull \hbox (8.63702pt too wide) in paragraph at lines 441--443
[]\T1/ptm/m/n/10 SpatialLines or Spa-tialLi-nes-DataFrame ob-ject cal-cu-lated 
by func-tions Df2SpLines
(/usr/share/texlive/texmf-dist/tex/latex/base/utf8.def) [10]
(/usr/share/texlive/texmf-dist/tex/latex/base/utf8.def)
Overfull \hbox (29.92769pt too wide) in paragraph at lines 515--517
[]\T1/ptm/m/n/10 This func-tion is de-signed to dis-play a tra-jec-tory fre-que
ncy map that was out-put by func-tion [][]\T1/zi4/m/n/10 RasterizeTraj[][][]\T1
/ptm/m/n/10 . 
[11]
Overfull \hbox (21.48093pt too wide) in paragraph at lines 578--578
 []  \T1/zi4/m/n/9 raster.lines <- RasterizeTraj(air.traj.lines, reduce=TRUE, r
esolution=15000, parallel=FALSE)[] 
(/usr/share/texlive/texmf-dist/tex/latex/base/utf8.def) [12]
Overfull \hbox (103.80595pt too wide) in paragraph at lines 636--639
\T1/ptm/m/n/10 ing to me-te-o-ro-log-i-cal files can be found in http://www.met
eozone.com/home/tutorial/html/meteo_ftp.html. 
[13] [14] (/usr/share/texlive/texmf-dist/tex/latex/inconsolata/ts1zi4.fd)
Underfull \vbox (badness 10000) has occurred while \output is active [15]
(/usr/share/texlive/texmf-dist/tex/latex/base/utf8.def)
Overfull \hbox (17.88092pt too wide) in paragraph at lines 846--846
 [] \T1/zi4/m/n/9 raster.lines <- RasterizeTraj(air.traj.lines, reduce=TRUE, re
solution=10000, parallel=FALSE)[] 
[16] (/usr/share/texlive/texmf-dist/tex/latex/base/utf8.def)
Underfull \hbox (badness 10000) in paragraph at lines 886--905


Underfull \hbox (badness 10000) in paragraph at lines 886--905

[17] (/usr/share/texlive/texmf-dist/tex/latex/base/utf8.def)
Overfull \hbox (25.55728pt too wide) in paragraph at lines 946--949
[]\T1/ptm/m/n/10 Although this func-tion might be used seper-ately, the Split-S
pLines func-tion is called by the [][]\T1/zi4/m/n/10 RasterizeTraj[][][]
[18] (/usr/share/texlive/texmf-dist/tex/latex/base/utf8.def) (./Rd2.ind
[19]

LaTeX Font Warning: Font shape `T1/zi4/m/it' undefined
(Font)              using `T1/zi4/m/n' instead on input line 74.

[20]) (./Rd2.aux)

LaTeX Font Warning: Some font shapes were not available, defaults substituted.

 )
(see the transcript file for additional information)pdfTeX warning (dest): name
{Rfn.raster} has been referenced but does not exist, replaced by a fixed one

pdfTeX warning (dest): name{Rfn.SpatialLines.Rdash.class} has been referenced b
ut does not exist, replaced by a fixed one

pdfTeX warning (dest): name{Rfn.data.frame} has been referenced but does not ex
ist, replaced by a fixed one

{/usr/share/texlive/texmf-dist/fonts/enc/dvips/inconsolata/i4-ts1.enc}{/usr/sha
re/texlive/texmf-dist/fonts/enc/dvips/base/8r.enc}{/usr/share/texlive/texmf-dis
t/fonts/enc/dvips/inconsolata/i4-t1-0.enc}</usr/share/texlive/texmf-dist/fonts/
type1/public/inconsolata/Inconsolata-zi4r.pfb></usr/share/texlive/texmf-dist/fo
nts/type1/public/amsfonts/cm/cmsy10.pfb></usr/share/texlive/texmf-dist/fonts/ty
pe1/urw/helvetic/uhvr8a.pfb></usr/share/texlive/texmf-dist/fonts/type1/urw/time
s/utmb8a.pfb></usr/share/texlive/texmf-dist/fonts/type1/urw/times/utmr8a.pfb></
usr/share/texlive/texmf-dist/fonts/type1/urw/times/utmr8a.pfb></usr/share/texli
ve/texmf-dist/fonts/type1/urw/times/utmri8a.pfb>
Output written on Rd2.pdf (20 pages, 125101 bytes).
Transcript written on Rd2.log.
Saving output to 'opentraj-manual.pdf' ...
Done
You may want to clean up by 'rm -rf /tmp/RtmpLfvu5G/Rd2pdf12e5367856db'
